This is pdfTeX, Version 3.1415926-2.5-1.40.14 (TeX Live 2013/Debian) (format=pdflatex 2014.11.26)  28 AUG 2016 17:39
entering extended mode
 restricted \write18 enabled.
 %&-line parsing enabled.
**main.tex ff
(./main.tex
LaTeX2e <2011/06/27>
Babel <3.9h> and hyphenation patterns for 6 languages loaded.
(./mitthesis.cls
Document Class: mitthesis 1999/10/20
\vithesis=\count79
Course VI/VIII thesis style.
(/usr/share/texlive/texmf-dist/tex/latex/base/report.cls
Document Class: report 2007/10/19 v1.4h Standard LaTeX document class
(/usr/share/texlive/texmf-dist/tex/latex/base/size12.clo
File: size12.clo 2007/10/19 v1.4h Standard LaTeX file (size option)
)
\c@part=\count80
\c@chapter=\count81
\c@section=\count82
\c@subsection=\count83
\c@subsubsection=\count84
\c@paragraph=\count85
\c@subparagraph=\count86
\c@figure=\count87
\c@table=\count88
\abovecaptionskip=\skip41
\belowcaptionskip=\skip42
\bibindent=\dimen102
)
(/usr/share/texlive/texmf-dist/tex/latex/setspace/setspace.sty
Package: setspace 2011/12/19 v6.7a set line spacing
)
Copyright given to author, permission to copy/distribute given to Northwestern.

\@titlesupervisor=\box26
\@abstractsupervisor=\box27
\c@savepage=\count89
) (./lgrind.sty
Package: lgrind 1997/01/30 v3.4 LGrind environment and supporting stuff
\lc@unt=\count90
\ln@xt=\count91
\LGnuminterval=\count92
\LGindent=\skip43
\LGsloppy=\skip44
\procbox=\box28
\ls@far=\box29
\tb@x=\box30
\TBw@d=\dimen103
\@ts=\dimen104
) (/usr/share/texlive/texmf-dist/tex/latex/cmap/cmap.sty
Package: cmap 2008/03/06 v1.0h CMap support: searchable PDF
)
(/usr/share/texlive/texmf-dist/tex/latex/base/fontenc.sty
Package: fontenc 2005/09/27 v1.99g Standard LaTeX package

(/usr/share/texlive/texmf-dist/tex/latex/base/t1enc.def
File: t1enc.def 2005/09/27 v1.99g Standard LaTeX file
LaTeX Font Info:    Redeclaring font encoding T1 on input line 43.
)<<t1.cmap>>)
(/usr/share/texlive/texmf-dist/tex/latex/base/latexsym.sty
Package: latexsym 1998/08/17 v2.2e Standard LaTeX package (lasy symbols)
\symlasy=\mathgroup4
LaTeX Font Info:    Overwriting symbol font `lasy' in version `bold'
(Font)                  U/lasy/m/n --> U/lasy/b/n on input line 47.
)
(/usr/share/texlive/texmf-dist/tex/latex/amsmath/amsmath.sty
Package: amsmath 2013/01/14 v2.14 AMS math features
\@mathmargin=\skip45

For additional information on amsmath, use the `?' option.
(/usr/share/texlive/texmf-dist/tex/latex/amsmath/amstext.sty
Package: amstext 2000/06/29 v2.01

(/usr/share/texlive/texmf-dist/tex/latex/amsmath/amsgen.sty
File: amsgen.sty 1999/11/30 v2.0
\@emptytoks=\toks14
\ex@=\dimen105
))
(/usr/share/texlive/texmf-dist/tex/latex/amsmath/amsbsy.sty
Package: amsbsy 1999/11/29 v1.2d
\pmbraise@=\dimen106
)
(/usr/share/texlive/texmf-dist/tex/latex/amsmath/amsopn.sty
Package: amsopn 1999/12/14 v2.01 operator names
)
\inf@bad=\count93
LaTeX Info: Redefining \frac on input line 210.
\uproot@=\count94
\leftroot@=\count95
LaTeX Info: Redefining \overline on input line 306.
\classnum@=\count96
\DOTSCASE@=\count97
LaTeX Info: Redefining \ldots on input line 378.
LaTeX Info: Redefining \dots on input line 381.
LaTeX Info: Redefining \cdots on input line 466.
\Mathstrutbox@=\box31
\strutbox@=\box32
\big@size=\dimen107
LaTeX Font Info:    Redeclaring font encoding OML on input line 566.
LaTeX Font Info:    Redeclaring font encoding OMS on input line 567.
\macc@depth=\count98
\c@MaxMatrixCols=\count99
\dotsspace@=\muskip10
\c@parentequation=\count100
\dspbrk@lvl=\count101
\tag@help=\toks15
\row@=\count102
\column@=\count103
\maxfields@=\count104
\andhelp@=\toks16
\eqnshift@=\dimen108
\alignsep@=\dimen109
\tagshift@=\dimen110
\tagwidth@=\dimen111
\totwidth@=\dimen112
\lineht@=\dimen113
\@envbody=\toks17
\multlinegap=\skip46
\multlinetaggap=\skip47
\mathdisplay@stack=\toks18
LaTeX Info: Redefining \[ on input line 2665.
LaTeX Info: Redefining \] on input line 2666.
)
(/usr/share/texlive/texmf-dist/tex/latex/braket/braket.sty)
(/usr/share/texlive/texmf-dist/tex/latex/cancel/cancel.sty
Package: cancel 2013/04/12 v2.2 Cancel math terms
)
(/usr/share/texlive/texmf-dist/tex/latex/graphics/graphicx.sty
Package: graphicx 1999/02/16 v1.0f Enhanced LaTeX Graphics (DPC,SPQR)

(/usr/share/texlive/texmf-dist/tex/latex/graphics/keyval.sty
Package: keyval 1999/03/16 v1.13 key=value parser (DPC)
\KV@toks@=\toks19
)
(/usr/share/texlive/texmf-dist/tex/latex/graphics/graphics.sty
Package: graphics 2009/02/05 v1.0o Standard LaTeX Graphics (DPC,SPQR)

(/usr/share/texlive/texmf-dist/tex/latex/graphics/trig.sty
Package: trig 1999/03/16 v1.09 sin cos tan (DPC)
)
(/usr/share/texlive/texmf-dist/tex/latex/latexconfig/graphics.cfg
File: graphics.cfg 2010/04/23 v1.9 graphics configuration of TeX Live
)
Package graphics Info: Driver file: pdftex.def on input line 91.

(/usr/share/texlive/texmf-dist/tex/latex/pdftex-def/pdftex.def
File: pdftex.def 2011/05/27 v0.06d Graphics/color for pdfTeX

(/usr/share/texlive/texmf-dist/tex/generic/oberdiek/infwarerr.sty
Package: infwarerr 2010/04/08 v1.3 Providing info/warning/error messages (HO)
)
(/usr/share/texlive/texmf-dist/tex/generic/oberdiek/ltxcmds.sty
Package: ltxcmds 2011/11/09 v1.22 LaTeX kernel commands for general use (HO)
)
\Gread@gobject=\count105
))
\Gin@req@height=\dimen114
\Gin@req@width=\dimen115
)
(/usr/share/texlive/texmf-dist/tex/latex/wrapfig/wrapfig.sty
\wrapoverhang=\dimen116
\WF@size=\dimen117
\c@WF@wrappedlines=\count106
\WF@box=\box33
\WF@everypar=\toks20
Package: wrapfig 2003/01/31  v 3.6
)
(/usr/share/texlive/texmf-dist/tex/latex/amsfonts/euscript.sty
Package: euscript 2009/06/22 v3.00 Euler Script fonts
LaTeX Font Info:    Overwriting math alphabet `\EuScript' in version `bold'
(Font)                  U/eus/m/n --> U/eus/b/n on input line 33.
)
Enter file names to process, (chap1,chap2 ...), or `all' to process all files:

\files=all
Including all files.
(./main.aux (./cover.aux) (./contents.aux) (./chap1.aux

LaTeX Warning: Label `fig:sphere' multiply defined.

) (./chap2.aux) (./chap3.aux) (./appa.aux) (./appb.aux) (./appc.aux

LaTeX Warning: Label `eq:linricci' multiply defined.


LaTeX Warning: Label `eq:flteinst' multiply defined.

) (./biblio.aux))
\openout1 = `main.aux'.

LaTeX Font Info:    Checking defaults for OML/cmm/m/it on input line 54.
LaTeX Font Info:    ... okay on input line 54.
LaTeX Font Info:    Checking defaults for T1/cmr/m/n on input line 54.
LaTeX Font Info:    ... okay on input line 54.
LaTeX Font Info:    Checking defaults for OT1/cmr/m/n on input line 54.
LaTeX Font Info:    ... okay on input line 54.
LaTeX Font Info:    Checking defaults for OMS/cmsy/m/n on input line 54.
LaTeX Font Info:    ... okay on input line 54.
LaTeX Font Info:    Checking defaults for OMX/cmex/m/n on input line 54.
LaTeX Font Info:    ... okay on input line 54.
LaTeX Font Info:    Checking defaults for U/cmr/m/n on input line 54.
LaTeX Font Info:    ... okay on input line 54.
 (/usr/share/texlive/texmf-dist/tex/context/base/supp-pdf.mkii
[Loading MPS to PDF converter (version 2006.09.02).]
\scratchcounter=\count107
\scratchdimen=\dimen118
\scratchbox=\box34
\nofMPsegments=\count108
\nofMParguments=\count109
\everyMPshowfont=\toks21
\MPscratchCnt=\count110
\MPscratchDim=\dimen119
\MPnumerator=\count111
\makeMPintoPDFobject=\count112
\everyMPtoPDFconversion=\toks22
) (/usr/share/texlive/texmf-dist/tex/generic/oberdiek/pdftexcmds.sty
Package: pdftexcmds 2011/11/29 v0.20 Utility functions of pdfTeX for LuaTeX (HO
)

(/usr/share/texlive/texmf-dist/tex/generic/oberdiek/ifluatex.sty
Package: ifluatex 2010/03/01 v1.3 Provides the ifluatex switch (HO)
Package ifluatex Info: LuaTeX not detected.
)
(/usr/share/texlive/texmf-dist/tex/generic/oberdiek/ifpdf.sty
Package: ifpdf 2011/01/30 v2.3 Provides the ifpdf switch (HO)
Package ifpdf Info: pdfTeX in PDF mode is detected.
)
Package pdftexcmds Info: LuaTeX not detected.
Package pdftexcmds Info: \pdf@primitive is available.
Package pdftexcmds Info: \pdf@ifprimitive is available.
Package pdftexcmds Info: \pdfdraftmode found.
)
(/usr/share/texlive/texmf-dist/tex/latex/oberdiek/epstopdf-base.sty
Package: epstopdf-base 2010/02/09 v2.5 Base part for package epstopdf

(/usr/share/texlive/texmf-dist/tex/latex/oberdiek/grfext.sty
Package: grfext 2010/08/19 v1.1 Manage graphics extensions (HO)

(/usr/share/texlive/texmf-dist/tex/generic/oberdiek/kvdefinekeys.sty
Package: kvdefinekeys 2011/04/07 v1.3 Define keys (HO)
))
(/usr/share/texlive/texmf-dist/tex/latex/oberdiek/kvoptions.sty
Package: kvoptions 2011/06/30 v3.11 Key value format for package options (HO)

(/usr/share/texlive/texmf-dist/tex/generic/oberdiek/kvsetkeys.sty
Package: kvsetkeys 2012/04/25 v1.16 Key value parser (HO)

(/usr/share/texlive/texmf-dist/tex/generic/oberdiek/etexcmds.sty
Package: etexcmds 2011/02/16 v1.5 Avoid name clashes with e-TeX commands (HO)
Package etexcmds Info: Could not find \expanded.
(etexcmds)             That can mean that you are not using pdfTeX 1.50 or
(etexcmds)             that some package has redefined \expanded.
(etexcmds)             In the latter case, load this package earlier.
)))
Package grfext Info: Graphics extension search list:
(grfext)             [.png,.pdf,.jpg,.mps,.jpeg,.jbig2,.jb2,.PNG,.PDF,.JPG,.JPE
G,.JBIG2,.JB2,.eps]
(grfext)             \AppendGraphicsExtensions on input line 452.

(/usr/share/texlive/texmf-dist/tex/latex/latexconfig/epstopdf-sys.cfg
File: epstopdf-sys.cfg 2010/07/13 v1.3 Configuration of (r)epstopdf for TeX Liv
e
))
\openout2 = `cover.aux'.


(./cover.tex
LaTeX Font Info:    Try loading font information for OMS+cmr on input line 91.
 (/usr/share/texlive/texmf-dist/tex/latex/base/omscmr.fd
File: omscmr.fd 1999/05/25 v2.5h Standard LaTeX font definitions
)
LaTeX Font Info:    Font shape `OMS/cmr/m/n' in size <14.4> not available
(Font)              Font shape `OMS/cmsy/m/n' tried instead on input line 91.
<<oms.cmap>> [1



{/var/lib/texmf/fonts/map/pdftex/updmap/pdftex.map}] [2

] (./abstract.tex)
[3

] [4

]) [5]
\openout2 = `contents.aux'.

 (./contents.tex [6



] (./main.toc<<ot1.cmap>><<oml.cmap>><<omx.cmap>>
LaTeX Font Info:    Try loading font information for U+lasy on input line 2.
 (/usr/share/texlive/texmf-dist/tex/latex/base/ulasy.fd
File: ulasy.fd 1998/08/17 v2.2e LaTeX symbol font definitions
) [7])
\tf@toc=\write3
\openout3 = `main.toc'.

 [8] (./main.lof
Overfull \hbox (2.02454pt too wide) in paragraph at lines 10--10
 [][] []\T1/cmr/m/n/12 Computation of the time marginal-ized, fac-tored log lik
e-li-hood. Speedup 
 []

)
\tf@lof=\write4
\openout4 = `main.lof'.

 [9

] [10

] (./main.lot)
\tf@lot=\write5
\openout5 = `main.lot'.

) [11]
\openout2 = `chap1.aux'.

 (./chap1.tex [12



]
Chapter 1.
[13] <reimann.png, id=60, 907.39pt x 445.665pt>
File: reimann.png Graphic file (type png)
 <use reimann.png>
Package pdftex.def Info: reimann.png used on input line 24.
(pdftex.def)             Requested size: 453.6939pt x 222.83195pt.

Overfull \hbox (20.0739pt too wide) in paragraph at lines 24--25
[][] 
 []


LaTeX Warning: `!h' float specifier changed to `!ht'.

[14]
Underfull \vbox (badness 10000) has occurred while \output is active []

 [15 <./reimann.png>]
! Undefined control sequence.
l.36 ...he Christoffel symbols defined in \nameref
                                                  {Appendix C}.
? 

Underfull \vbox (badness 10000) has occurred while \output is active []

 [16]
[17]
Underfull \vbox (badness 10000) has occurred while \output is active []

 [18]
Underfull \vbox (badness 10000) has occurred while \output is active []

 [19]

LaTeX Warning: Citation `Volume-2' on page 20 undefined on input line 134.


LaTeX Warning: Reference `fig:distrib' on page 20 undefined on input line 134.

Package epstopdf Info: Source file: <biviariate_norm_done.eps>
(epstopdf)                    date: 2016-08-25 22:24:41
(epstopdf)                    size: 4236029 bytes
(epstopdf)             Output file: <biviariate_norm_done-eps-converted-to.pdf>

(epstopdf)                    date: 2016-08-25 22:24:41
(epstopdf)                    size: 225077 bytes
(epstopdf)             Command: <repstopdf --outfile=biviariate_norm_done-eps-c
onverted-to.pdf biviariate_norm_done.eps>
(epstopdf)             \includegraphics on input line 139.
Package epstopdf Info: Output file is already uptodate.
<biviariate_norm_done-eps-converted-to.pdf, id=86, 360.34625pt x 465.74pt>
File: biviariate_norm_done-eps-converted-to.pdf Graphic file (type pdf)

<use biviariate_norm_done-eps-converted-to.pdf>
Package pdftex.def Info: biviariate_norm_done-eps-converted-to.pdf used on inpu
t line 139.
(pdftex.def)             Requested size: 303.44003pt x 408.83351pt.


LaTeX Warning: `!h' float specifier changed to `!ht'.


Underfull \vbox (badness 10000) has occurred while \output is active []

 [20]
[21 <./biviariate_norm_done-eps-converted-to.pdf>] [22

]

LaTeX Warning: Citation `rapidpe' on page 23 undefined on input line 185.

[23]

LaTeX Warning: Citation `rapidpe' on page 24 undefined on input line 235.


LaTeX Warning: Citation `lalinference' on page 24 undefined on input line 235.


LaTeX Warning: Citation `mcmc' on page 24 undefined on input line 235.

[24]
Underfull \vbox (badness 10000) has occurred while \output is active []

 [25]

LaTeX Warning: Citation `rapidpe' on page 26 undefined on input line 265.


Underfull \vbox (badness 1622) has occurred while \output is active []

 [26]

LaTeX Warning: Citation `montecarlo' on page 27 undefined on input line 280.

[27]) [28]
\openout2 = `chap2.aux'.

 (./chap2.tex
Chapter 2.
[29



] [30]
! Double superscript.
<argument>  h(t) = h_{+}(t)R^{ij}_e^
                                    +_{ij} + h_{\times }(t)R^{ij}e^{\times }...
l.42 \end{align}
                
? 
! Double superscript.
<argument>  h(t) = h_{+}(t)R^{ij}_e^
                                    +_{ij} + h_{\times }(t)R^{ij}e^{\times }...
l.42 \end{align}
                
? 
! Double superscript.
l.44 The products $R^{ij}_e^
                            +_{ij}$ and $R^{ij}e^{\times}_{ij}$ are known as...

? 

LaTeX Warning: Citation `antennafacdefn' on page 31 undefined on input line 50.



Overfull \hbox (29.38913pt too wide) in paragraph at lines 65--65
[] 
 []

[31]
Underfull \vbox (badness 4913) has occurred while \output is active []

 [32]
Underfull \vbox (badness 10000) has occurred while \output is active []

 [33]
Underfull \vbox (badness 10000) has occurred while \output is active []

 [34]
Underfull \vbox (badness 1565) has occurred while \output is active []

 [35]
[36]
Underfull \vbox (badness 10000) has occurred while \output is active []

 [37]
[38] [39]

! LaTeX Error: Environment wrapfig undefined.

See the LaTeX manual or LaTeX Companion for explanation.
Type  H <return>  for immediate help.
 ...                                              
                                                  
l.255 \begin{wrapfig}
                     
? 
Package epstopdf Info: Source file: <spherical_harmonics.eps>
(epstopdf)                    date: 2016-08-25 22:24:41
(epstopdf)                    size: 128616 bytes
(epstopdf)             Output file: <spherical_harmonics-eps-converted-to.pdf>
(epstopdf)                    date: 2016-08-25 22:24:41
(epstopdf)                    size: 58519 bytes
(epstopdf)             Command: <repstopdf --outfile=spherical_harmonics-eps-co
nverted-to.pdf spherical_harmonics.eps>
(epstopdf)             \includegraphics on input line 257.
Package epstopdf Info: Output file is already uptodate.
<spherical_harmonics-eps-converted-to.pdf, id=161, 614.295pt x 794.97pt>
File: spherical_harmonics-eps-converted-to.pdf Graphic file (type pdf)

<use spherical_harmonics-eps-converted-to.pdf>
Package pdftex.def Info: spherical_harmonics-eps-converted-to.pdf used on input
 line 257.
(pdftex.def)             Requested size: 557.38812pt x 681.15735pt.


! LaTeX Error: \caption outside float.

See the LaTeX manual or LaTeX Companion for explanation.
Type  H <return>  for immediate help.
 ...                                              
                                                  
l.258 \caption
              {Computation of Spherical Harmonics, $l=2$.}
? 

! LaTeX Error: \begin{document} ended by \end{wrapfig}.

See the LaTeX manual or LaTeX Companion for explanation.
Type  H <return>  for immediate help.
 ...                                              
                                                  
l.260 \end{wrapfig}
                   
? 

Overfull \hbox (115.55069pt too wide) in paragraph at lines 256--261
[]  []
 []


Underfull \vbox (badness 10000) has occurred while \output is active []

 [40]
Overfull \vbox (52.47736pt too high) has occurred while \output is active []


[41 <./spherical_harmonics-eps-converted-to.pdf>] [42]

! LaTeX Error: Environment wrapfig undefined.

See the LaTeX manual or LaTeX Companion for explanation.
Type  H <return>  for immediate help.
 ...                                              
                                                  
l.273 \begin{wrapfig}
                     
? 
Package epstopdf Info: Source file: <expand_rhots.eps>
(epstopdf)                    date: 2016-08-25 22:24:41
(epstopdf)                    size: 117522 bytes
(epstopdf)             Output file: <expand_rhots-eps-converted-to.pdf>
(epstopdf)                    date: 2016-08-25 22:24:41
(epstopdf)                    size: 45463 bytes
(epstopdf)             Command: <repstopdf --outfile=expand_rhots-eps-converted
-to.pdf expand_rhots.eps>
(epstopdf)             \includegraphics on input line 275.
Package epstopdf Info: Output file is already uptodate.
<expand_rhots-eps-converted-to.pdf, id=175, 614.295pt x 794.97pt>
File: expand_rhots-eps-converted-to.pdf Graphic file (type pdf)

<use expand_rhots-eps-converted-to.pdf>
Package pdftex.def Info: expand_rhots-eps-converted-to.pdf used on input line 2
75.
(pdftex.def)             Requested size: 399.287pt x 220.81924pt.


! LaTeX Error: \caption outside float.

See the LaTeX manual or LaTeX Companion for explanation.
Type  H <return>  for immediate help.
 ...                                              
                                                  
l.277 \caption
              {Expansion of time series. One thread per relevant item in res...

? 

! LaTeX Error: \begin{document} ended by \end{wrapfig}.

See the LaTeX manual or LaTeX Companion for explanation.
Type  H <return>  for immediate help.
 ...                                              
                                                  
l.278 \end{wrapfig}
                   
? 
! Missing } inserted.
<inserted text> 
                }
l.278 \end{wrapfig}
                   
? 

Overfull \hbox (4.01038pt too wide) in paragraph at lines 275--279
[][] []\T1/cmr/m/n/12 Ex-
 []

Package epstopdf Info: Source file: <FYrho.eps>
(epstopdf)                    date: 2016-08-25 22:24:41
(epstopdf)                    size: 143332 bytes
(epstopdf)             Output file: <FYrho-eps-converted-to.pdf>
(epstopdf)                    date: 2016-08-25 22:24:41
(epstopdf)                    size: 59509 bytes
(epstopdf)             Command: <repstopdf --outfile=FYrho-eps-converted-to.pdf
 FYrho.eps>
(epstopdf)             \includegraphics on input line 289.
Package epstopdf Info: Output file is already uptodate.
<FYrho-eps-converted-to.pdf, id=177, 614.295pt x 794.97pt>
File: FYrho-eps-converted-to.pdf Graphic file (type pdf)

<use FYrho-eps-converted-to.pdf>
Package pdftex.def Info: FYrho-eps-converted-to.pdf used on input line 289.
(pdftex.def)             Requested size: 325.215pt x 249.08128pt.

Overfull \hbox (65.04036pt too wide) in paragraph at lines 289--290
 [] 
 []


Underfull \hbox (badness 2080) in paragraph at lines 291--291
[]\T1/cmr/m/n/12 Figure 2-1: In-ser-tion of the an-tenna factor-
 []


Underfull \vbox (badness 10000) has occurred while \output is active []

 [43 <./expand_rhots-eps-converted-to.pdf>] [44 <./FYrho-eps-converted-to.pdf>]
Package epstopdf Info: Source file: <sumrhots.eps>
(epstopdf)                    date: 2016-08-25 22:24:41
(epstopdf)                    size: 389800 bytes
(epstopdf)             Output file: <sumrhots-eps-converted-to.pdf>
(epstopdf)                    date: 2016-08-25 22:24:41
(epstopdf)                    size: 146629 bytes
(epstopdf)             Command: <repstopdf --outfile=sumrhots-eps-converted-to.
pdf sumrhots.eps>
(epstopdf)             \includegraphics on input line 303.
Package epstopdf Info: Output file is already uptodate.

<sumrhots-eps-converted-to.pdf, id=192, 614.295pt x 794.97pt>
File: sumrhots-eps-converted-to.pdf Graphic file (type pdf)

<use sumrhots-eps-converted-to.pdf>
Package pdftex.def Info: sumrhots-eps-converted-to.pdf used on input line 303.
(pdftex.def)             Requested size: 283.3888pt x 212.54158pt.

Overfull \hbox (23.21416pt too wide) in paragraph at lines 303--304
 [] 
 []


Underfull \hbox (badness 1292) in paragraph at lines 308--309
\T1/cmr/m/n/12 sin-gle threads. One row of
 []

[45

 <./sumrhots-eps-converted-to.pdf>]
Package epstopdf Info: Source file: <onedmarg.eps>
(epstopdf)                    date: 2016-08-25 22:24:41
(epstopdf)                    size: 18085 bytes
(epstopdf)             Output file: <onedmarg-eps-converted-to.pdf>
(epstopdf)                    date: 2016-08-25 22:24:41
(epstopdf)                    size: 9736 bytes
(epstopdf)             Command: <repstopdf --outfile=onedmarg-eps-converted-to.
pdf onedmarg.eps>
(epstopdf)             \includegraphics on input line 318.
Package epstopdf Info: Output file is already uptodate.

<onedmarg-eps-converted-to.pdf, id=201, 614.295pt x 794.97pt>
File: onedmarg-eps-converted-to.pdf Graphic file (type pdf)

<use onedmarg-eps-converted-to.pdf>
Package pdftex.def Info: onedmarg-eps-converted-to.pdf used on input line 318.
(pdftex.def)             Requested size: 307.14674pt x 212.54158pt.

Overfull \hbox (46.9721pt too wide) in paragraph at lines 318--319
 [] 
 []


Package wrapfig Warning: Collision between wrapping environments on input line 
322.

Package epstopdf Info: Source file: <marg_fold.eps>
(epstopdf)                    date: 2016-08-25 22:24:41
(epstopdf)                    size: 55072 bytes
(epstopdf)             Output file: <marg_fold-eps-converted-to.pdf>
(epstopdf)                    date: 2016-08-25 22:24:41
(epstopdf)                    size: 17249 bytes
(epstopdf)             Command: <repstopdf --outfile=marg_fold-eps-converted-to
.pdf marg_fold.eps>
(epstopdf)             \includegraphics on input line 326.
Package epstopdf Info: Output file is already uptodate.
<marg_fold-eps-converted-to.pdf, id=203, 614.295pt x 794.97pt>
File: marg_fold-eps-converted-to.pdf Graphic file (type pdf)

<use marg_fold-eps-converted-to.pdf>
Package pdftex.def Info: marg_fold-eps-converted-to.pdf used on input line 326.

(pdftex.def)             Requested size: 307.14674pt x 212.54158pt.

Overfull \hbox (46.9721pt too wide) in paragraph at lines 326--327
 [] 
 []


! LaTeX Error: \begin{wrapfigure} on input line 322 ended by \end{wrapfig}.

See the LaTeX manual or LaTeX Companion for explanation.
Type  H <return>  for immediate help.
 ...                                              
                                                  
l.328 \end{wrapfig}
                   
? 
! Missing } inserted.
<inserted text> 
                }
l.328 \end{wrapfig}
                   
? 

Package wrapfig Warning: Stationary wrapfigure forced to float on input line 33
1.

[46 <./onedmarg-eps-converted-to.pdf> <./marg_fold-eps-converted-to.pdf>]
Underfull \vbox (badness 10000) has occurred while \output is active []

 [47])
[48]
\openout2 = `chap3.aux'.

 (./chap3.tex
Chapter 3.
Package epstopdf Info: Source file: <speedup.eps>
(epstopdf)                    date: 2016-08-25 22:24:41
(epstopdf)                    size: 66160 bytes
(epstopdf)             Output file: <speedup-eps-converted-to.pdf>
(epstopdf)                    date: 2016-08-25 22:24:41
(epstopdf)                    size: 33151 bytes
(epstopdf)             Command: <repstopdf --outfile=speedup-eps-converted-to.p
df speedup.eps>
(epstopdf)             \includegraphics on input line 13.
Package epstopdf Info: Output file is already uptodate.
<speedup-eps-converted-to.pdf, id=220, 1210.5225pt x 569.12625pt>
File: speedup-eps-converted-to.pdf Graphic file (type pdf)

<use speedup-eps-converted-to.pdf>
Package pdftex.def Info: speedup-eps-converted-to.pdf used on input line 13.
(pdftex.def)             Requested size: 690.005pt x 324.40533pt.

Overfull \hbox (116.73172pt too wide) in paragraph at lines 12--14
[]  [] 
 []


LaTeX Warning: Citation `gw150914' on page 49 undefined on input line 19.


LaTeX Warning: Citation `first2years' on page 49 undefined on input line 19.


Underfull \vbox (badness 10000) has occurred while \output is active []

 [49



]
[50 <./speedup-eps-converted-to.pdf>]

LaTeX Warning: Citation `twogrb' on page 51 undefined on input line 22.


LaTeX Warning: Citation `polarjet' on page 51 undefined on input line 22.


LaTeX Warning: Citation `grbopen' on page 51 undefined on input line 23.


LaTeX Warning: Citation `kilonova' on page 51 undefined on input line 24.

[51] <gamray.png, id=283, 1391.1975pt x 850.17625pt>
File: gamray.png Graphic file (type png)
 <use gamray.png>
Package pdftex.def Info: gamray.png used on input line 29.
(pdftex.def)             Requested size: 486.92642pt x 297.56615pt.

Overfull \hbox (53.30643pt too wide) in paragraph at lines 29--30
[][] 
 []


LaTeX Warning: Citation `advligo' on page 52 undefined on input line 42.

! Undefined control sequence.
l.44 ...systems for which approximately $q \gtrsim
                                                   4$ do not exhibit tidal d...

? 

LaTeX Warning: Citation `nsmasslim' on page 52 undefined on input line 44.


LaTeX Warning: Citation `grbcatalog' on page 52 undefined on input line 44.

[52]

LaTeX Warning: Citation `r-proc' on page 53 undefined on input line 47.


LaTeX Warning: Citation `kilonova' on page 53 undefined on input line 49.


Underfull \vbox (badness 10000) has occurred while \output is active []

 [53 <./gamray.png>]
Underfull \vbox (badness 10000) has occurred while \output is active []

 [54]
Package epstopdf Info: Source file: <EMFollow.eps>
(epstopdf)                    date: 2016-08-25 22:24:41
(epstopdf)                    size: 92771 bytes
(epstopdf)             Output file: <EMFollow-eps-converted-to.pdf>
(epstopdf)                    date: 2016-08-25 22:24:41
(epstopdf)                    size: 46892 bytes
(epstopdf)             Command: <repstopdf --outfile=EMFollow-eps-converted-to.
pdf EMFollow.eps>
(epstopdf)             \includegraphics on input line 53.
Package epstopdf Info: Output file is already uptodate.

<EMFollow-eps-converted-to.pdf, id=293, 1732.4725pt x 737.75626pt>
File: EMFollow-eps-converted-to.pdf Graphic file (type pdf)

<use EMFollow-eps-converted-to.pdf>
Package pdftex.def Info: EMFollow-eps-converted-to.pdf used on input line 53.
(pdftex.def)             Requested size: 866.23415pt x 368.87723pt.

Overfull \hbox (264.50812pt too wide) in paragraph at lines 52--54
[]  [] 
 []

) [55] [56 <./EMFollow-eps-converted-to.pdf>]
\openout2 = `appa.aux'.

 (./appa.tex
Appendix A.
[57



])
\openout2 = `appb.aux'.

 (./appb.tex [58




]
Appendix B.
[59] [60])
\openout2 = `appc.aux'.

 (./appc.tex
Appendix C.
[61





]
Underfull \vbox (badness 4254) has occurred while \output is active []

 [62

]
Underfull \vbox (badness 3049) has occurred while \output is active []

 [63]
[64]
Underfull \vbox (badness 5696) has occurred while \output is active []

 [65]
[66]) [67]
\openout2 = `biblio.aux'.

 (./biblio.tex (./main.bbl [68



]

LaTeX Warning: Empty `thebibliography' environment on input line 5.

)) [69] (./main.aux (./cover.aux) (./contents.aux) (./chap1.aux) (./chap2.aux)
(./chap3.aux) (./appa.aux) (./appb.aux) (./appc.aux) (./biblio.aux))

LaTeX Warning: There were undefined references.


LaTeX Warning: There were multiply-defined labels.

 ) 
Here is how much of TeX's memory you used:
 2951 strings out of 494952
 38497 string characters out of 6179834
 103710 words of memory out of 5000000
 5978 multiletter control sequences out of 15000+600000
 17710 words of font info for 45 fonts, out of 8000000 for 9000
 59 hyphenation exceptions out of 8191
 37i,19n,23p,2559b,257s stack positions out of 5000i,500n,10000p,200000b,80000s
 </home/brandon/.texmf-var/fonts/pk/ljfour/jknappen/ec/ecti1200.600pk> </home
/brandon/.texmf-var/fonts/pk/ljfour/jknappen/ec/ecbx1200.600pk> </home/brandon/
.texmf-var/fonts/pk/ljfour/jknappen/ec/ecbx2488.600pk> </home/brandon/.texmf-va
r/fonts/pk/ljfour/jknappen/ec/ecbx1440.600pk> </home/brandon/.texmf-var/fonts/p
k/ljfour/jknappen/ec/ecrm1200.600pk> </home/brandon/.texmf-var/fonts/pk/ljfour/
jknappen/ec/ecrm1728.600pk> </home/brandon/.texmf-var/fonts/pk/ljfour/jknappen/
ec/ecrm1440.600pk> </home/brandon/.texmf-var/fonts/pk/ljfour/jknappen/ec/ecbx17
28.600pk></usr/share/texlive/texmf-dist/fonts/type1/public/amsfonts/cm/cmbx12.p
fb></usr/share/texlive/texmf-dist/fonts/type1/public/amsfonts/cm/cmbx8.pfb></us
r/share/texlive/texmf-dist/fonts/type1/public/amsfonts/cm/cmex10.pfb></usr/shar
e/texlive/texmf-dist/fonts/type1/public/amsfonts/cmextra/cmex8.pfb></usr/share/
texlive/texmf-dist/fonts/type1/public/amsfonts/cm/cmmi12.pfb></usr/share/texliv
e/texmf-dist/fonts/type1/public/amsfonts/cm/cmmi6.pfb></usr/share/texlive/texmf
-dist/fonts/type1/public/amsfonts/cm/cmmi8.pfb></usr/share/texlive/texmf-dist/f
onts/type1/public/amsfonts/cm/cmr12.pfb></usr/share/texlive/texmf-dist/fonts/ty
pe1/public/amsfonts/cm/cmr6.pfb></usr/share/texlive/texmf-dist/fonts/type1/publ
ic/amsfonts/cm/cmr8.pfb></usr/share/texlive/texmf-dist/fonts/type1/public/amsfo
nts/cm/cmsy10.pfb></usr/share/texlive/texmf-dist/fonts/type1/public/amsfonts/cm
/cmsy6.pfb></usr/share/texlive/texmf-dist/fonts/type1/public/amsfonts/cm/cmsy8.
pfb></usr/share/texlive/texmf-dist/fonts/type1/public/amsfonts/latxfont/lasy10.
pfb></usr/share/texlive/texmf-dist/fonts/type1/public/amsfonts/latxfont/line10.
pfb>
Output written on main.pdf (69 pages, 1202722 bytes).
PDF statistics:
 834 PDF objects out of 1000 (max. 8388607)
 271 compressed objects within 3 object streams
 0 named destinations out of 1000 (max. 500000)
 118 words of extra memory for PDF output out of 10000 (max. 10000000)

